This file contains any messages produced by compilers while
running configure, to aid debugging if configure makes a mistake.

It was created by stmrelais configure 0.1, which was
generated by GNU Autoconf 2.67.  Invocation command line was

  $ ./configure 

## --------- ##
## Platform. ##
## --------- ##

hostname = lilium
uname -m = x86_64
uname -r = 2.6.35-25-generic
uname -s = Linux
uname -v = #44-Ubuntu SMP Fri Jan 21 17:40:44 UTC 2011

/usr/bin/uname -p = unknown
/bin/uname -X     = unknown

/bin/arch              = unknown
/usr/bin/arch -k       = unknown
/usr/convex/getsysinfo = unknown
/usr/bin/hostinfo      = unknown
/bin/machine           = unknown
/usr/bin/oslevel       = unknown
/bin/universe          = unknown

PATH: /usr/local/sbin
PATH: /usr/local/bin
PATH: /usr/sbin
PATH: /usr/bin
PATH: /sbin
PATH: /bin
PATH: /usr/games


## ----------- ##
## Core tests. ##
## ----------- ##

configure:1796: checking for a BSD-compatible install
configure:1864: result: /usr/bin/install -c
configure:1875: checking whether build environment is sane
configure:1925: result: yes
configure:2066: checking for a thread-safe mkdir -p
configure:2105: result: /bin/mkdir -p
configure:2118: checking for gawk
configure:2134: found /usr/bin/gawk
configure:2145: result: gawk
configure:2156: checking whether make sets $(MAKE)
configure:2178: result: yes
configure:2306: checking for gcc
configure:2322: found /usr/bin/gcc
configure:2333: result: gcc
configure:2562: checking for C compiler version
configure:2571: gcc --version >&5
gcc (Ubuntu/Linaro 4.4.4-14ubuntu5) 4.4.5
Copyright (C) 2010 Free Software Foundation, Inc.
This is free software; see the source for copying conditions.  There is NO
warranty; not even for MERCHANTABILITY or FITNESS FOR A PARTICULAR PURPOSE.

configure:2582: $? = 0
configure:2571: gcc -v >&5
Using built-in specs.
Target: x86_64-linux-gnu
Configured with: ../src/configure -v --with-pkgversion='Ubuntu/Linaro 4.4.4-14ubuntu5' --with-bugurl=file:///usr/share/doc/gcc-4.4/README.Bugs --enable-languages=c,c++,fortran,objc,obj-c++ --prefix=/usr --program-suffix=-4.4 --enable-shared --enable-multiarch --enable-linker-build-id --with-system-zlib --libexecdir=/usr/lib --without-included-gettext --enable-threads=posix --with-gxx-include-dir=/usr/include/c++/4.4 --libdir=/usr/lib --enable-nls --with-sysroot=/ --enable-clocale=gnu --enable-libstdcxx-debug --enable-objc-gc --disable-werror --with-arch-32=i686 --with-tune=generic --enable-checking=release --build=x86_64-linux-gnu --host=x86_64-linux-gnu --target=x86_64-linux-gnu
Thread model: posix
gcc version 4.4.5 (Ubuntu/Linaro 4.4.4-14ubuntu5) 
configure:2582: $? = 0
configure:2571: gcc -V >&5
gcc: '-V' option must have argument
configure:2582: $? = 1
configure:2571: gcc -qversion >&5
gcc: unrecognized option '-qversion'
gcc: no input files
configure:2582: $? = 1
configure:2602: checking whether the C compiler works
configure:2624: gcc    conftest.c  >&5
configure:2628: $? = 0
configure:2676: result: yes
configure:2679: checking for C compiler default output file name
configure:2681: result: a.out
configure:2687: checking for suffix of executables
configure:2694: gcc -o conftest    conftest.c  >&5
configure:2698: $? = 0
configure:2720: result: 
configure:2742: checking whether we are cross compiling
configure:2750: gcc -o conftest    conftest.c  >&5
configure:2754: $? = 0
configure:2761: ./conftest
configure:2765: $? = 0
configure:2780: result: no
configure:2785: checking for suffix of object files
configure:2807: gcc -c   conftest.c >&5
configure:2811: $? = 0
configure:2832: result: o
configure:2836: checking whether we are using the GNU C compiler
configure:2855: gcc -c   conftest.c >&5
configure:2855: $? = 0
configure:2864: result: yes
configure:2873: checking whether gcc accepts -g
configure:2893: gcc -c -g  conftest.c >&5
configure:2893: $? = 0
configure:2934: result: yes
configure:2951: checking for gcc option to accept ISO C89
configure:3015: gcc  -c -g -O2  conftest.c >&5
configure:3015: $? = 0
configure:3028: result: none needed
configure:3059: checking for style of include used by make
configure:3087: result: GNU
configure:3112: checking dependency style of gcc
configure:3222: result: gcc3
configure:3395: creating ./config.status

## ---------------------- ##
## Running config.status. ##
## ---------------------- ##

This file was extended by stmrelais config.status 0.1, which was
generated by GNU Autoconf 2.67.  Invocation command line was

  CONFIG_FILES    = 
  CONFIG_HEADERS  = 
  CONFIG_LINKS    = 
  CONFIG_COMMANDS = 
  $ ./config.status 

on lilium

config.status:777: creating Makefile
config.status:777: creating src/Makefile
config.status:948: executing depfiles commands

## ---------------- ##
## Cache variables. ##
## ---------------- ##

ac_cv_c_compiler_gnu=yes
ac_cv_env_CC_set=
ac_cv_env_CC_value=
ac_cv_env_CFLAGS_set=
ac_cv_env_CFLAGS_value=
ac_cv_env_CPPFLAGS_set=
ac_cv_env_CPPFLAGS_value=
ac_cv_env_LDFLAGS_set=
ac_cv_env_LDFLAGS_value=
ac_cv_env_LIBS_set=
ac_cv_env_LIBS_value=
ac_cv_env_build_alias_set=
ac_cv_env_build_alias_value=
ac_cv_env_host_alias_set=
ac_cv_env_host_alias_value=
ac_cv_env_target_alias_set=
ac_cv_env_target_alias_value=
ac_cv_objext=o
ac_cv_path_install='/usr/bin/install -c'
ac_cv_path_mkdir=/bin/mkdir
ac_cv_prog_AWK=gawk
ac_cv_prog_ac_ct_CC=gcc
ac_cv_prog_cc_c89=
ac_cv_prog_cc_g=yes
ac_cv_prog_make_make_set=yes
am_cv_CC_dependencies_compiler_type=gcc3

## ----------------- ##
## Output variables. ##
## ----------------- ##

ACLOCAL='${SHELL} /home/joj/stmsuite/stmrelais/missing --run aclocal-1.11'
AMDEPBACKSLASH='\'
AMDEP_FALSE='#'
AMDEP_TRUE=''
AMTAR='${SHELL} /home/joj/stmsuite/stmrelais/missing --run tar'
AUTOCONF='${SHELL} /home/joj/stmsuite/stmrelais/missing --run autoconf'
AUTOHEADER='${SHELL} /home/joj/stmsuite/stmrelais/missing --run autoheader'
AUTOMAKE='${SHELL} /home/joj/stmsuite/stmrelais/missing --run automake-1.11'
AWK='gawk'
CC='gcc'
CCDEPMODE='depmode=gcc3'
CFLAGS='-g -O2'
CPPFLAGS=''
CYGPATH_W='echo'
DEFS='-DPACKAGE_NAME=\"stmrelais\" -DPACKAGE_TARNAME=\"stmrelais\" -DPACKAGE_VERSION=\"0.1\" -DPACKAGE_STRING=\"stmrelais\ 0.1\" -DPACKAGE_BUGREPORT=\"jens.o.john@gmail.com\" -DPACKAGE_URL=\"\" -DPACKAGE=\"stmrelais\" -DVERSION=\"0.1\"'
DEPDIR='.deps'
ECHO_C=''
ECHO_N='-n'
ECHO_T=''
EXEEXT=''
INSTALL_DATA='${INSTALL} -m 644'
INSTALL_PROGRAM='${INSTALL}'
INSTALL_SCRIPT='${INSTALL}'
INSTALL_STRIP_PROGRAM='$(install_sh) -c -s'
LDFLAGS=''
LIBOBJS=''
LIBS=''
LTLIBOBJS=''
MAKEINFO='${SHELL} /home/joj/stmsuite/stmrelais/missing --run makeinfo'
MKDIR_P='/bin/mkdir -p'
OBJEXT='o'
PACKAGE='stmrelais'
PACKAGE_BUGREPORT='jens.o.john@gmail.com'
PACKAGE_NAME='stmrelais'
PACKAGE_STRING='stmrelais 0.1'
PACKAGE_TARNAME='stmrelais'
PACKAGE_URL=''
PACKAGE_VERSION='0.1'
PATH_SEPARATOR=':'
SET_MAKE=''
SHELL='/bin/bash'
STRIP=''
VERSION='0.1'
ac_ct_CC='gcc'
am__EXEEXT_FALSE=''
am__EXEEXT_TRUE='#'
am__fastdepCC_FALSE='#'
am__fastdepCC_TRUE=''
am__include='include'
am__isrc=''
am__leading_dot='.'
am__quote=''
am__tar='${AMTAR} chof - "$$tardir"'
am__untar='${AMTAR} xf -'
bindir='${exec_prefix}/bin'
build_alias=''
datadir='${datarootdir}'
datarootdir='${prefix}/share'
docdir='${datarootdir}/doc/${PACKAGE_TARNAME}'
dvidir='${docdir}'
exec_prefix='${prefix}'
host_alias=''
htmldir='${docdir}'
includedir='${prefix}/include'
infodir='${datarootdir}/info'
install_sh='${SHELL} /home/joj/stmsuite/stmrelais/install-sh'
libdir='${exec_prefix}/lib'
libexecdir='${exec_prefix}/libexec'
localedir='${datarootdir}/locale'
localstatedir='${prefix}/var'
mandir='${datarootdir}/man'
mkdir_p='/bin/mkdir -p'
oldincludedir='/usr/include'
pdfdir='${docdir}'
prefix='/usr/local'
program_transform_name='s,x,x,'
psdir='${docdir}'
sbindir='${exec_prefix}/sbin'
sharedstatedir='${prefix}/com'
sysconfdir='${prefix}/etc'
target_alias=''

## ----------- ##
## confdefs.h. ##
## ----------- ##

/* confdefs.h */
#define PACKAGE_NAME "stmrelais"
#define PACKAGE_TARNAME "stmrelais"
#define PACKAGE_VERSION "0.1"
#define PACKAGE_STRING "stmrelais 0.1"
#define PACKAGE_BUGREPORT "jens.o.john@gmail.com"
#define PACKAGE_URL ""
#define PACKAGE "stmrelais"
#define VERSION "0.1"

configure: exit 0
